-- Compiling package defs
-- Compiling module top
-- Importing package defs
-- Compiling interface router_if
-- Importing package defs
-- Compiling package test_router_sv_unit
-- Importing package defs
-- Compiling module test_router
-- Compiling module router_assertions
-- Importing package defs
-- Compiling module router
-- Compiling module frame

Top level modules:
	top
+ /opt/questasim_6.3c/questasim/linux/vsim -lib work top -c -do run -all; quit -f -appendlog -l qverilog.log -vopt
# vsim -appendlog -do {run -all; quit -f} -l qverilog.log -lib work -c -vopt top 
# ** Note: (vsim-3812) Design is being optimized...
# //  QuestaSim 6.3c Sep 11 2007 Linux 2.4.21-37.EL
# //
# //  Copyright 1991-2007 Mentor Graphics Corporation
# //              All Rights Reserved.
# //
# //  THIS WORK CONTAINS TRADE SECRET AND 
# //  PROPRIETARY INFORMATION WHICH IS THE PROPERTY
# //  OF MENTOR GRAPHICS CORPORATION OR ITS LICENSORS
# //  AND IS SUBJECT TO LICENSE TERMS.
# //
# Loading sv_std.std
# Loading work.defs(fast)
# Loading work.top(fast)
# Loading work.router_if(fast)
# Loading work.test_router_sv_unit(fast)
# Loading work.test_router(fast)
# Loading work.router(fast)
# Loading work.frame(fast)
# Loading work.frame(fast__1)
# Loading work.frame(fast__2)
# Loading work.frame(fast__3)
# Loading work.frame(fast__4)
# Loading work.frame(fast__5)
# Loading work.frame(fast__6)
# Loading work.frame(fast__7)
# Loading work.router_assertions(fast)
# run -all 
# Starting Monitor 0 
# Building random payload for port 0...
# Starting Monitor 1 
# Building random payload for port 1...
# Starting Monitor 2 
# Building random payload for port 2...
# Starting Monitor 3 
# Building random payload for port 3...
# Starting Monitor 4 
# Building random payload for port 4...
# Starting Monitor 5 
# Building random payload for port 5...
# Starting Monitor 6 
# Building random payload for port 6...
# Starting Monitor 7 
# Building random payload for port 7...
# 
# 1 packets sent, 0 packets received, 0 errors
# 
# 
# 2 packets sent, 0 packets received, 0 errors
# 
# 
# 3 packets sent, 0 packets received, 0 errors
# 
# 
# 4 packets sent, 0 packets received, 0 errors
# 
# 
# 5 packets sent, 0 packets received, 0 errors
# 
# 
# 6 packets sent, 0 packets received, 0 errors
# 
# 
# 7 packets sent, 0 packets received, 0 errors
# 
# 
# 8 packets sent, 0 packets received, 0 errors
# 
# 
# 9 packets sent, 0 packets received, 0 errors
# 
# 
# 10 packets sent, 0 packets received, 0 errors
# 
# 
# 11 packets sent, 0 packets received, 0 errors
# 
# 
# 12 packets sent, 0 packets received, 0 errors
# 
# 
# 13 packets sent, 0 packets received, 0 errors
# 
# 
# 14 packets sent, 0 packets received, 0 errors
# 
# 
# 15 packets sent, 0 packets received, 0 errors
# 
# 
# 16 packets sent, 0 packets received, 0 errors
# 
# 
# 17 packets sent, 0 packets received, 0 errors
# 
# 
# 18 packets sent, 0 packets received, 0 errors
# 
# 
# 19 packets sent, 0 packets received, 0 errors
# 
# 
# 20 packets sent, 0 packets received, 0 errors
# 
# 
# 21 packets sent, 0 packets received, 0 errors
# 
# 
# 22 packets sent, 0 packets received, 0 errors
# 
# 
# 23 packets sent, 0 packets received, 0 errors
# 
# 
# 24 packets sent, 0 packets received, 0 errors
# 
# 
# 25 packets sent, 0 packets received, 0 errors
# 
# 
# 26 packets sent, 0 packets received, 0 errors
# 
# 
# 27 packets sent, 0 packets received, 0 errors
# 
# 
# 28 packets sent, 0 packets received, 0 errors
# 
# 
# 29 packets sent, 0 packets received, 0 errors
# 
# 
# 30 packets sent, 0 packets received, 0 errors
# 
# 
# 31 packets sent, 0 packets received, 0 errors
# 
# 
# 32 packets sent, 0 packets received, 0 errors
# 
# 
# 33 packets sent, 0 packets received, 0 errors
# 
# 
# 34 packets sent, 0 packets received, 0 errors
# 
# 
# 35 packets sent, 0 packets received, 0 errors
# 
# 
# 36 packets sent, 0 packets received, 0 errors
# 
# 
# 37 packets sent, 0 packets received, 0 errors
# 
# 
# 38 packets sent, 0 packets received, 0 errors
# 
# 
# 39 packets sent, 0 packets received, 0 errors
# 
# 
# 40 packets sent, 0 packets received, 0 errors
# 
# 
# 41 packets sent, 0 packets received, 0 errors
# 
# 
# 42 packets sent, 0 packets received, 0 errors
# 
# 
# 43 packets sent, 0 packets received, 0 errors
# 
# 
# 44 packets sent, 0 packets received, 0 errors
# 
# 
# 45 packets sent, 0 packets received, 0 errors
# 
# 
# 46 packets sent, 0 packets received, 0 errors
# 
# 
# 47 packets sent, 0 packets received, 0 errors
# 
# 
# 48 packets sent, 0 packets received, 0 errors
# 
# 
# 49 packets sent, 0 packets received, 0 errors
# 
# 
# 50 packets sent, 0 packets received, 0 errors
# 
# 
# 51 packets sent, 0 packets received, 0 errors
# 
# 
# 52 packets sent, 0 packets received, 0 errors
# 
# 
# 53 packets sent, 0 packets received, 0 errors
# 
# 
# 54 packets sent, 0 packets received, 0 errors
# 
# 
# 55 packets sent, 0 packets received, 0 errors
# 
# 
# 56 packets sent, 0 packets received, 0 errors
# 
# 
# 57 packets sent, 0 packets received, 0 errors
# 
# 
# 58 packets sent, 0 packets received, 0 errors
# 
# 
# 59 packets sent, 0 packets received, 0 errors
# 
# 
# 60 packets sent, 0 packets received, 0 errors
# 
# 
# 61 packets sent, 0 packets received, 0 errors
# 
# 
# 62 packets sent, 0 packets received, 0 errors
# 
# 
# 63 packets sent, 0 packets received, 0 errors
# 
# 
# 64 packets sent, 0 packets received, 0 errors
# 
# 
# 65 packets sent, 0 packets received, 0 errors
# 
# 
# 66 packets sent, 0 packets received, 0 errors
# 
# 
# 67 packets sent, 0 packets received, 0 errors
# 
# 
# 68 packets sent, 0 packets received, 0 errors
# 
# 
# 69 packets sent, 0 packets received, 0 errors
# 
# 
# 70 packets sent, 0 packets received, 0 errors
# 
# 
# 71 packets sent, 0 packets received, 0 errors
# 
# 
# 72 packets sent, 0 packets received, 0 errors
# 
# 
# 73 packets sent, 0 packets received, 0 errors
# 
# 
# 74 packets sent, 0 packets received, 0 errors
# 
# 
# 75 packets sent, 0 packets received, 0 errors
# 
# 
# 76 packets sent, 0 packets received, 0 errors
# 
# 
# 77 packets sent, 0 packets received, 0 errors
# 
# 
# 78 packets sent, 0 packets received, 0 errors
# 
# 
# 79 packets sent, 0 packets received, 0 errors
# 
# 
# 80 packets sent, 0 packets received, 0 errors
# 
# 
# 81 packets sent, 0 packets received, 0 errors
# 
# 
# 82 packets sent, 0 packets received, 0 errors
# 
# 
# 83 packets sent, 0 packets received, 0 errors
# 
# 
# 84 packets sent, 0 packets received, 0 errors
# 
# 
# 85 packets sent, 0 packets received, 0 errors
# 
# 
# 86 packets sent, 0 packets received, 0 errors
# 
# 
# 87 packets sent, 0 packets received, 0 errors
# 
# 
# 88 packets sent, 0 packets received, 0 errors
# 
# 
# ********************************
# Pass Thru achieved!!
# ********************************
# 
# 
# 89 packets sent, 0 packets received, 0 errors
# 
# Coverage = 0.000000% 
# 
# 89 packets sent, 1 packets received, 0 errors
# 
# 
# 90 packets sent, 1 packets received, 0 errors
# 
# 
# 91 packets sent, 1 packets received, 0 errors
# 
# Coverage = 0.000000% 
# 
# 91 packets sent, 2 packets received, 0 errors
# 
# Coverage = 8.854167% 
# 
# 91 packets sent, 3 packets received, 0 errors
# 
# 
# 92 packets sent, 3 packets received, 0 errors
# 
# 
# 93 packets sent, 3 packets received, 0 errors
# 
# 
# 94 packets sent, 3 packets received, 0 errors
# 
# Coverage = 8.854167% 
# 
# 94 packets sent, 4 packets received, 0 errors
# 
# Coverage = 17.708333% 
# 
# 94 packets sent, 5 packets received, 0 errors
# 
# Coverage = 17.708333% 
# 
# 94 packets sent, 6 packets received, 0 errors
# 
# 
# 95 packets sent, 6 packets received, 0 errors
# 
# 
# 96 packets sent, 6 packets received, 0 errors
# 
# Coverage = 17.708333% 
# 
# 96 packets sent, 7 packets received, 0 errors
# 
# Coverage = 26.562500% 
# 
# 96 packets sent, 8 packets received, 0 errors
# 
# 
# 97 packets sent, 8 packets received, 0 errors
# 
# Coverage = 26.562500% 
# 
# 97 packets sent, 9 packets received, 0 errors
# 
# 
# 98 packets sent, 9 packets received, 0 errors
# 
# Coverage = 30.729167% 
# 
# 98 packets sent, 10 packets received, 0 errors
# 
# 
# 99 packets sent, 10 packets received, 0 errors
# 
# 
# 100 packets sent, 10 packets received, 0 errors
# 
# 
# 101 packets sent, 10 packets received, 0 errors
# 
# Coverage = 30.729167% 
# 
# 101 packets sent, 11 packets received, 0 errors
# 
# Coverage = 35.416667% 
# 
# 101 packets sent, 12 packets received, 0 errors
# 
# Coverage = 35.416667% 
# 
# 101 packets sent, 13 packets received, 0 errors
# 
# 
# 102 packets sent, 13 packets received, 0 errors
# 
# Coverage = 39.583333% 
# 
# 102 packets sent, 14 packets received, 0 errors
# 
# 
# 103 packets sent, 14 packets received, 0 errors
# 
# 
# 104 packets sent, 14 packets received, 0 errors
# 
# 
# 105 packets sent, 14 packets received, 0 errors
# 
# Coverage = 39.583333% 
# 
# 105 packets sent, 15 packets received, 0 errors
# 
# Coverage = 44.270833% 
# 
# 105 packets sent, 16 packets received, 0 errors
# 
# Coverage = 44.270833% 
# 
# 105 packets sent, 17 packets received, 0 errors
# 
# 
# 106 packets sent, 17 packets received, 0 errors
# 
# Coverage = 48.437500% 
# 
# 106 packets sent, 18 packets received, 0 errors
# 
# 
# 107 packets sent, 18 packets received, 0 errors
# 
# 
# 108 packets sent, 18 packets received, 0 errors
# 
# 
# 109 packets sent, 18 packets received, 0 errors
# 
# Coverage = 48.437500% 
# 
# 109 packets sent, 19 packets received, 0 errors
# 
# Coverage = 48.958333% 
# 
# 109 packets sent, 20 packets received, 0 errors
# 
# Coverage = 48.958333% 
# 
# 109 packets sent, 21 packets received, 0 errors
# 
# 
# 110 packets sent, 21 packets received, 0 errors
# 
# 
# 111 packets sent, 21 packets received, 0 errors
# 
# Coverage = 48.958333% 
# 
# 111 packets sent, 22 packets received, 0 errors
# 
# Coverage = 49.479167% 
# 
# 111 packets sent, 23 packets received, 0 errors
# 
# 
# 112 packets sent, 23 packets received, 0 errors
# 
# Coverage = 49.479167% 
# 
# 112 packets sent, 24 packets received, 0 errors
# 
# 
# 113 packets sent, 24 packets received, 0 errors
# 
# Coverage = 49.479167% 
# 
# 113 packets sent, 25 packets received, 0 errors
# 
# 
# 114 packets sent, 25 packets received, 0 errors
# 
# 
# 115 packets sent, 25 packets received, 0 errors
# 
# Coverage = 49.479167% 
# 
# 115 packets sent, 26 packets received, 0 errors
# 
# Coverage = 50.000000% 
# 
# 115 packets sent, 27 packets received, 0 errors
# 
# 
# 116 packets sent, 27 packets received, 0 errors
# 
# 
# 117 packets sent, 27 packets received, 0 errors
# 
# 
# 118 packets sent, 27 packets received, 0 errors
# 
# Coverage = 58.333333% 
# 
# 118 packets sent, 28 packets received, 0 errors
# 
# Coverage = 58.854167% 
# 
# 118 packets sent, 29 packets received, 0 errors
# 
# Coverage = 58.854167% 
# 
# 118 packets sent, 30 packets received, 0 errors
# 
# 
# 119 packets sent, 30 packets received, 0 errors
# 
# 
# 120 packets sent, 30 packets received, 0 errors
# 
# Coverage = 63.020833% 
# 
# 120 packets sent, 31 packets received, 0 errors
# 
# Coverage = 63.541667% 
# 
# 120 packets sent, 32 packets received, 0 errors
# 
# 
# 121 packets sent, 32 packets received, 0 errors
# 
# Coverage = 63.541667% 
# 
# 121 packets sent, 33 packets received, 0 errors
# 
# 
# 122 packets sent, 33 packets received, 0 errors
# 
# 
# 123 packets sent, 33 packets received, 0 errors
# 
# Coverage = 64.062500% 
# 
# 123 packets sent, 34 packets received, 0 errors
# 
# Coverage = 64.062500% 
# 
# 123 packets sent, 35 packets received, 0 errors
# 
# 
# 124 packets sent, 35 packets received, 0 errors
# 
# 
# 125 packets sent, 35 packets received, 0 errors
# 
# 
# 126 packets sent, 35 packets received, 0 errors
# 
# 
# 127 packets sent, 35 packets received, 0 errors
# 
# Coverage = 64.062500% 
# 
# 127 packets sent, 36 packets received, 0 errors
# 
# Coverage = 64.583333% 
# 
# 127 packets sent, 37 packets received, 0 errors
# 
# Coverage = 64.583333% 
# 
# 127 packets sent, 38 packets received, 0 errors
# 
# Coverage = 64.583333% 
# 
# 127 packets sent, 39 packets received, 0 errors
# 
# 
# 128 packets sent, 39 packets received, 0 errors
# 
# Coverage = 68.750000% 
# 
# 128 packets sent, 40 packets received, 0 errors
# 
# 
# 129 packets sent, 40 packets received, 0 errors
# 
# Coverage = 68.750000% 
# 
# 129 packets sent, 41 packets received, 0 errors
# 
# 
# 130 packets sent, 41 packets received, 0 errors
# 
# 
# 131 packets sent, 41 packets received, 0 errors
# 
# 
# 132 packets sent, 41 packets received, 0 errors
# 
# 
# 133 packets sent, 41 packets received, 0 errors
# 
# Coverage = 68.750000% 
# 
# 133 packets sent, 42 packets received, 0 errors
# 
# Coverage = 69.270833% 
# 
# 133 packets sent, 43 packets received, 0 errors
# 
# Coverage = 69.270833% 
# 
# 133 packets sent, 44 packets received, 0 errors
# 
# Coverage = 69.270833% 
# 
# 133 packets sent, 45 packets received, 0 errors
# 
# 
# 134 packets sent, 45 packets received, 0 errors
# 
# 
# 135 packets sent, 45 packets received, 0 errors
# 
# Coverage = 69.270833% 
# 
# 135 packets sent, 46 packets received, 0 errors
# 
# Coverage = 69.791667% 
# 
# 135 packets sent, 47 packets received, 0 errors
# 
# 
# 136 packets sent, 47 packets received, 0 errors
# 
# Coverage = 69.791667% 
# 
# 136 packets sent, 48 packets received, 0 errors
# 
# 
# 137 packets sent, 48 packets received, 0 errors
# 
# 
# 138 packets sent, 48 packets received, 0 errors
# 
# 
# 139 packets sent, 48 packets received, 0 errors
# 
# Coverage = 69.791667% 
# 
# 139 packets sent, 49 packets received, 0 errors
# 
# Coverage = 70.312500% 
# 
# 139 packets sent, 50 packets received, 0 errors
# 
# Coverage = 70.312500% 
# 
# 139 packets sent, 51 packets received, 0 errors
# 
# 
# 140 packets sent, 51 packets received, 0 errors
# 
# Coverage = 70.312500% 
# 
# 140 packets sent, 52 packets received, 0 errors
# 
# 
# 141 packets sent, 52 packets received, 0 errors
# 
# 
# 142 packets sent, 52 packets received, 0 errors
# 
# Coverage = 70.833333% 
# 
# 142 packets sent, 53 packets received, 0 errors
# 
# Coverage = 70.833333% 
# 
# 142 packets sent, 54 packets received, 0 errors
# 
# 
# 143 packets sent, 54 packets received, 0 errors
# 
# 
# 144 packets sent, 54 packets received, 0 errors
# 
# Coverage = 75.000000% 
# 
# 144 packets sent, 55 packets received, 0 errors
# 
# Coverage = 75.520833% 
# 
# 144 packets sent, 56 packets received, 0 errors
# 
# 
# 145 packets sent, 56 packets received, 0 errors
# 
# 
# 146 packets sent, 56 packets received, 0 errors
# 
# Coverage = 75.520833% 
# 
# 146 packets sent, 57 packets received, 0 errors
# 
# Coverage = 75.520833% 
# 
# 146 packets sent, 58 packets received, 0 errors
# 
# 
# 147 packets sent, 58 packets received, 0 errors
# 
# Coverage = 75.520833% 
# 
# 147 packets sent, 59 packets received, 0 errors
# 
# 
# 148 packets sent, 59 packets received, 0 errors
# 
# Coverage = 75.520833% 
# 
# 148 packets sent, 60 packets received, 0 errors
# 
# 
# 149 packets sent, 60 packets received, 0 errors
# 
# Coverage = 75.520833% 
# 
# 149 packets sent, 61 packets received, 0 errors
# 
# 
# 150 packets sent, 61 packets received, 0 errors
# 
# Coverage = 75.520833% 
# 
# 150 packets sent, 62 packets received, 0 errors
# 
# 
# 151 packets sent, 62 packets received, 0 errors
# 
# 
# 152 packets sent, 62 packets received, 0 errors
# 
# Coverage = 76.041667% 
# 
# 152 packets sent, 63 packets received, 0 errors
# 
# Coverage = 76.041667% 
# 
# 152 packets sent, 64 packets received, 0 errors
# 
# 
# 153 packets sent, 64 packets received, 0 errors
# 
# 
# 154 packets sent, 64 packets received, 0 errors
# 
# 
# 155 packets sent, 64 packets received, 0 errors
# 
# 
# 156 packets sent, 64 packets received, 0 errors
# 
# Coverage = 76.562500% 
# 
# 156 packets sent, 65 packets received, 0 errors
# 
# Coverage = 76.562500% 
# 
# 156 packets sent, 66 packets received, 0 errors
# 
# Coverage = 76.562500% 
# 
# 156 packets sent, 67 packets received, 0 errors
# 
# Coverage = 76.562500% 
# 
# 156 packets sent, 68 packets received, 0 errors
# 
# 
# 157 packets sent, 68 packets received, 0 errors
# 
# Coverage = 76.562500% 
# 
# 157 packets sent, 69 packets received, 0 errors
# 
# 
# 158 packets sent, 69 packets received, 0 errors
# 
# Coverage = 76.562500% 
# 
# 158 packets sent, 70 packets received, 0 errors
# 
# 
# 159 packets sent, 70 packets received, 0 errors
# 
# Coverage = 76.562500% 
# 
# 159 packets sent, 71 packets received, 0 errors
# 
# 
# 160 packets sent, 71 packets received, 0 errors
# 
# Coverage = 76.562500% 
# 
# 160 packets sent, 72 packets received, 0 errors
# 
# 
# 161 packets sent, 72 packets received, 0 errors
# 
# Coverage = 77.083333% 
# 
# 161 packets sent, 73 packets received, 0 errors
# 
# 
# 162 packets sent, 73 packets received, 0 errors
# 
# 
# 163 packets sent, 73 packets received, 0 errors
# 
# Coverage = 77.083333% 
# 
# 163 packets sent, 74 packets received, 0 errors
# 
# Coverage = 77.604167% 
# 
# 163 packets sent, 75 packets received, 0 errors
# 
# 
# 164 packets sent, 75 packets received, 0 errors
# 
# Coverage = 77.604167% 
# 
# 164 packets sent, 76 packets received, 0 errors
# 
# 
# 165 packets sent, 76 packets received, 0 errors
# 
# Coverage = 77.604167% 
# 
# 165 packets sent, 77 packets received, 0 errors
# 
# 
# 166 packets sent, 77 packets received, 0 errors
# 
# Coverage = 77.604167% 
# 
# 166 packets sent, 78 packets received, 0 errors
# 
# 
# 167 packets sent, 78 packets received, 0 errors
# 
# Coverage = 77.604167% 
# 
# 167 packets sent, 79 packets received, 0 errors
# 
# 
# 168 packets sent, 79 packets received, 0 errors
# 
# Coverage = 77.604167% 
# 
# 168 packets sent, 80 packets received, 0 errors
# 
# 
# 169 packets sent, 80 packets received, 0 errors
# 
# Coverage = 78.125000% 
# 
# 169 packets sent, 81 packets received, 0 errors
# 
# 
# 170 packets sent, 81 packets received, 0 errors
# 
# Coverage = 78.125000% 
# 
# 170 packets sent, 82 packets received, 0 errors
# 
# 
# 171 packets sent, 82 packets received, 0 errors
# 
# Coverage = 78.125000% 
# 
# 171 packets sent, 83 packets received, 0 errors
# 
# 
# 172 packets sent, 83 packets received, 0 errors
# 
# 
# 173 packets sent, 83 packets received, 0 errors
# 
# 
# 174 packets sent, 83 packets received, 0 errors
# 
# Coverage = 78.125000% 
# 
# 174 packets sent, 84 packets received, 0 errors
# 
# Coverage = 78.125000% 
# 
# 174 packets sent, 85 packets received, 0 errors
# 
# Coverage = 78.125000% 
# 
# 174 packets sent, 86 packets received, 0 errors
# 
# 
# 175 packets sent, 86 packets received, 0 errors
# 
# Coverage = 78.125000% 
# 
# 175 packets sent, 87 packets received, 0 errors
# 
# 
# 176 packets sent, 87 packets received, 0 errors
# 
# Coverage = 78.125000% 
# 
# 176 packets sent, 88 packets received, 0 errors
# 
# 
# 177 packets sent, 88 packets received, 0 errors
# 
# Coverage = 78.125000% 
# 
# 177 packets sent, 89 packets received, 0 errors
# 
# 
# 178 packets sent, 89 packets received, 0 errors
# 
# Coverage = 78.645833% 
# 
# 178 packets sent, 90 packets received, 0 errors
# 
# 
# 179 packets sent, 90 packets received, 0 errors
# 
# Coverage = 78.645833% 
# 
# 179 packets sent, 91 packets received, 0 errors
# 
# 
# 180 packets sent, 91 packets received, 0 errors
# 
# Coverage = 78.645833% 
# 
# 180 packets sent, 92 packets received, 0 errors
# 
# 
# 181 packets sent, 92 packets received, 0 errors
# 
# Coverage = 78.645833% 
# 
# 181 packets sent, 93 packets received, 0 errors
# 
# 
# 182 packets sent, 93 packets received, 0 errors
# 
# 
# 183 packets sent, 93 packets received, 0 errors
# 
# Coverage = 78.645833% 
# 
# 183 packets sent, 94 packets received, 0 errors
# 
# Coverage = 79.166667% 
# 
# 183 packets sent, 95 packets received, 0 errors
# 
# 
# 184 packets sent, 95 packets received, 0 errors
# 
# Coverage = 79.166667% 
# 
# 184 packets sent, 96 packets received, 0 errors
# 
# 
# 185 packets sent, 96 packets received, 0 errors
# 
# 
# 186 packets sent, 96 packets received, 0 errors
# 
# 
# 187 packets sent, 96 packets received, 0 errors
# 
# Coverage = 79.166667% 
# 
# 187 packets sent, 97 packets received, 0 errors
# 
# Coverage = 79.166667% 
# 
# 187 packets sent, 98 packets received, 0 errors
# 
# Coverage = 79.166667% 
# 
# 187 packets sent, 99 packets received, 0 errors
# 
# 
# 188 packets sent, 99 packets received, 0 errors
# 
# 
# 189 packets sent, 99 packets received, 0 errors
# 
# Coverage = 79.166667% 
# 
# 189 packets sent, 100 packets received, 0 errors
# 
# Coverage = 79.166667% 
# 
# 189 packets sent, 101 packets received, 0 errors
# 
# 
# 190 packets sent, 101 packets received, 0 errors
# 
# Coverage = 79.166667% 
# 
# 190 packets sent, 102 packets received, 0 errors
# 
# 
# 191 packets sent, 102 packets received, 0 errors
# 
# Coverage = 79.166667% 
# 
# 191 packets sent, 103 packets received, 0 errors
# 
# 
# 192 packets sent, 103 packets received, 0 errors
# 
# 
# 193 packets sent, 103 packets received, 0 errors
# 
# Coverage = 79.687500% 
# 
# 193 packets sent, 104 packets received, 0 errors
# 
# Coverage = 79.687500% 
# 
# 193 packets sent, 105 packets received, 0 errors
# 
# 
# 194 packets sent, 105 packets received, 0 errors
# 
# Coverage = 79.687500% 
# 
# 194 packets sent, 106 packets received, 0 errors
# 
# 
# 195 packets sent, 106 packets received, 0 errors
# 
# Coverage = 79.687500% 
# 
# 195 packets sent, 107 packets received, 0 errors
# 
# 
# 196 packets sent, 107 packets received, 0 errors
# 
# Coverage = 80.208333% 
# 
# 196 packets sent, 108 packets received, 0 errors
# 
# 
# 197 packets sent, 108 packets received, 0 errors
# 
# 
# 198 packets sent, 108 packets received, 0 errors
# 
# Coverage = 80.729167% 
# 
# 198 packets sent, 109 packets received, 0 errors
# 
# Coverage = 80.729167% 
# 
# 198 packets sent, 110 packets received, 0 errors
# 
# 
# 199 packets sent, 110 packets received, 0 errors
# 
# 
# 200 packets sent, 110 packets received, 0 errors
# 
# Coverage = 80.729167% 
# 
# 200 packets sent, 111 packets received, 0 errors
# 
# Coverage = 81.250000% 
# 
# 200 packets sent, 112 packets received, 0 errors
# 
# 
# 201 packets sent, 112 packets received, 0 errors
# 
# Coverage = 81.770833% 
# 
# 201 packets sent, 113 packets received, 0 errors
# 
# 
# 202 packets sent, 113 packets received, 0 errors
# 
# Coverage = 81.770833% 
# 
# 202 packets sent, 114 packets received, 0 errors
# 
# 
# 203 packets sent, 114 packets received, 0 errors
# 
# Coverage = 81.770833% 
# 
# 203 packets sent, 115 packets received, 0 errors
# 
# 
# 204 packets sent, 115 packets received, 0 errors
# 
# Coverage = 81.770833% 
# 
# 204 packets sent, 116 packets received, 0 errors
# 
# 
# 205 packets sent, 116 packets received, 0 errors
# 
# Coverage = 81.770833% 
# 
# 205 packets sent, 117 packets received, 0 errors
# 
# 
# 206 packets sent, 117 packets received, 0 errors
# 
# Coverage = 82.291667% 
# 
# 206 packets sent, 118 packets received, 0 errors
# 
# 
# 207 packets sent, 118 packets received, 0 errors
# 
# Coverage = 82.812500% 
# 
# 207 packets sent, 119 packets received, 0 errors
# 
# 
# 208 packets sent, 119 packets received, 0 errors
# 
# Coverage = 83.333333% 
# 
# 208 packets sent, 120 packets received, 0 errors
# 
# 
# 209 packets sent, 120 packets received, 0 errors
# 
# 
# 210 packets sent, 120 packets received, 0 errors
# 
# Coverage = 83.333333% 
# 
# 210 packets sent, 121 packets received, 0 errors
# 
# Coverage = 83.854167% 
# 
# 210 packets sent, 122 packets received, 0 errors
# 
# 
# 211 packets sent, 122 packets received, 0 errors
# 
# Coverage = 83.854167% 
# 
# 211 packets sent, 123 packets received, 0 errors
# 
# 
# 212 packets sent, 123 packets received, 0 errors
# 
# Coverage = 83.854167% 
# 
# 212 packets sent, 124 packets received, 0 errors
# 
# 
# 213 packets sent, 124 packets received, 0 errors
# 
# Coverage = 83.854167% 
# 
# 213 packets sent, 125 packets received, 0 errors
# 
# 
# 214 packets sent, 125 packets received, 0 errors
# 
# Coverage = 83.854167% 
# 
# 214 packets sent, 126 packets received, 0 errors
# 
# 
# 215 packets sent, 126 packets received, 0 errors
# 
# 
# 216 packets sent, 126 packets received, 0 errors
# 
# Coverage = 83.854167% 
# 
# 216 packets sent, 127 packets received, 0 errors
# 
# Coverage = 83.854167% 
# 
# 216 packets sent, 128 packets received, 0 errors
# 
# 
# 217 packets sent, 128 packets received, 0 errors
# 
# 
# 218 packets sent, 128 packets received, 0 errors
# 
# Coverage = 83.854167% 
# 
# 218 packets sent, 129 packets received, 0 errors
# 
# Coverage = 83.854167% 
# 
# 218 packets sent, 130 packets received, 0 errors
# 
# 
# 219 packets sent, 130 packets received, 0 errors
# 
# 
# 220 packets sent, 130 packets received, 0 errors
# 
# Coverage = 83.854167% 
# 
# 220 packets sent, 131 packets received, 0 errors
# 
# Coverage = 84.375000% 
# 
# 220 packets sent, 132 packets received, 0 errors
# 
# 
# 221 packets sent, 132 packets received, 0 errors
# 
# Coverage = 84.895833% 
# 
# 221 packets sent, 133 packets received, 0 errors
# 
# 
# 222 packets sent, 133 packets received, 0 errors
# 
# Coverage = 84.895833% 
# 
# 222 packets sent, 134 packets received, 0 errors
# 
# 
# 223 packets sent, 134 packets received, 0 errors
# 
# Coverage = 84.895833% 
# 
# 223 packets sent, 135 packets received, 0 errors
# 
# 
# 224 packets sent, 135 packets received, 0 errors
# 
# 
# 225 packets sent, 135 packets received, 0 errors
# 
# Coverage = 84.895833% 
# 
# 225 packets sent, 136 packets received, 0 errors
# 
# Coverage = 85.416667% 
# 
# 225 packets sent, 137 packets received, 0 errors
# 
# 
# 226 packets sent, 137 packets received, 0 errors
# 
# Coverage = 85.416667% 
# 
# 226 packets sent, 138 packets received, 0 errors
# 
# 
# 227 packets sent, 138 packets received, 0 errors
# 
# Coverage = 85.416667% 
# 
# 227 packets sent, 139 packets received, 0 errors
# 
# 
# 228 packets sent, 139 packets received, 0 errors
# 
# Coverage = 85.416667% 
# 
# 228 packets sent, 140 packets received, 0 errors
# 
# 
# 229 packets sent, 140 packets received, 0 errors
# 
# 
# 230 packets sent, 140 packets received, 0 errors
# 
# Coverage = 85.416667% 
# 
# 230 packets sent, 141 packets received, 0 errors
# 
# Coverage = 85.937500% 
# 
# 230 packets sent, 142 packets received, 0 errors
# 
# 
# 231 packets sent, 142 packets received, 0 errors
# 
# 
# 232 packets sent, 142 packets received, 0 errors
# 
# Coverage = 85.937500% 
# 
# 232 packets sent, 143 packets received, 0 errors
# 
# Coverage = 85.937500% 
# 
# 232 packets sent, 144 packets received, 0 errors
# 
# 
# 233 packets sent, 144 packets received, 0 errors
# 
# Coverage = 85.937500% 
# 
# 233 packets sent, 145 packets received, 0 errors
# 
# 
# 234 packets sent, 145 packets received, 0 errors
# 
# 
# 235 packets sent, 145 packets received, 0 errors
# 
# Coverage = 85.937500% 
# 
# 235 packets sent, 146 packets received, 0 errors
# 
# Coverage = 85.937500% 
# 
# 235 packets sent, 147 packets received, 0 errors
# 
# 
# 236 packets sent, 147 packets received, 0 errors
# 
# Coverage = 85.937500% 
# 
# 236 packets sent, 148 packets received, 0 errors
# 
# 
# 237 packets sent, 148 packets received, 0 errors
# 
# Coverage = 86.458333% 
# 
# 237 packets sent, 149 packets received, 0 errors
# 
# 
# 238 packets sent, 149 packets received, 0 errors
# 
# Coverage = 86.458333% 
# 
# 238 packets sent, 150 packets received, 0 errors
# 
# 
# 239 packets sent, 150 packets received, 0 errors
# 
# Coverage = 86.458333% 
# 
# 239 packets sent, 151 packets received, 0 errors
# 
# 
# 240 packets sent, 151 packets received, 0 errors
# 
# Coverage = 86.458333% 
# 
# 240 packets sent, 152 packets received, 0 errors
# 
# 
# 241 packets sent, 152 packets received, 0 errors
# 
# Coverage = 86.458333% 
# 
# 241 packets sent, 153 packets received, 0 errors
# 
# 
# 242 packets sent, 153 packets received, 0 errors
# 
# Coverage = 86.458333% 
# 
# 242 packets sent, 154 packets received, 0 errors
# 
# 
# 243 packets sent, 154 packets received, 0 errors
# 
# Coverage = 86.458333% 
# 
# 243 packets sent, 155 packets received, 0 errors
# 
# 
# 244 packets sent, 155 packets received, 0 errors
# 
# Coverage = 86.979167% 
# 
# 244 packets sent, 156 packets received, 0 errors
# 
# 
# 245 packets sent, 156 packets received, 0 errors
# 
# Coverage = 86.979167% 
# 
# 245 packets sent, 157 packets received, 0 errors
# 
# 
# 246 packets sent, 157 packets received, 0 errors
# 
# Coverage = 86.979167% 
# 
# 246 packets sent, 158 packets received, 0 errors
# 
# 
# 247 packets sent, 158 packets received, 0 errors
# 
# Coverage = 86.979167% 
# 
# 247 packets sent, 159 packets received, 0 errors
# 
# 
# 248 packets sent, 159 packets received, 0 errors
# 
# Coverage = 86.979167% 
# 
# 248 packets sent, 160 packets received, 0 errors
# 
# 
# 249 packets sent, 160 packets received, 0 errors
# 
# Coverage = 86.979167% 
# 
# 249 packets sent, 161 packets received, 0 errors
# 
# 
# 250 packets sent, 161 packets received, 0 errors
# 
# Coverage = 87.500000% 
# 
# 250 packets sent, 162 packets received, 0 errors
# 
# 
# 251 packets sent, 162 packets received, 0 errors
# 
# Coverage = 87.500000% 
# 
# 251 packets sent, 163 packets received, 0 errors
# 
# 
# 252 packets sent, 163 packets received, 0 errors
# 
# Coverage = 88.020833% 
# 
# 252 packets sent, 164 packets received, 0 errors
# 
# 
# 253 packets sent, 164 packets received, 0 errors
# 
# Coverage = 88.020833% 
# 
# 253 packets sent, 165 packets received, 0 errors
# 
# 
# 254 packets sent, 165 packets received, 0 errors
# 
# Coverage = 88.020833% 
# 
# 254 packets sent, 166 packets received, 0 errors
# 
# 
# 255 packets sent, 166 packets received, 0 errors
# 
# Coverage = 88.020833% 
# 
# 255 packets sent, 167 packets received, 0 errors
# 
# 
# 256 packets sent, 167 packets received, 0 errors
# 
# Coverage = 88.541667% 
# 
# 256 packets sent, 168 packets received, 0 errors
# 
# 
# 257 packets sent, 168 packets received, 0 errors
# 
# Coverage = 88.541667% 
# 
# 257 packets sent, 169 packets received, 0 errors
# 
# 
# 258 packets sent, 169 packets received, 0 errors
# 
# Coverage = 88.541667% 
# 
# 258 packets sent, 170 packets received, 0 errors
# 
# 
# 259 packets sent, 170 packets received, 0 errors
# 
# Coverage = 88.541667% 
# 
# 259 packets sent, 171 packets received, 0 errors
# 
# 
# 260 packets sent, 171 packets received, 0 errors
# 
# Coverage = 88.541667% 
# 
# 260 packets sent, 172 packets received, 0 errors
# 
# 
# 261 packets sent, 172 packets received, 0 errors
# 
# Coverage = 88.541667% 
# 
# 261 packets sent, 173 packets received, 0 errors
# 
# 
# 262 packets sent, 173 packets received, 0 errors
# 
# Coverage = 88.541667% 
# 
# 262 packets sent, 174 packets received, 0 errors
# 
# 
# 263 packets sent, 174 packets received, 0 errors
# 
# Coverage = 88.541667% 
# 
# 263 packets sent, 175 packets received, 0 errors
# 
# 
# 264 packets sent, 175 packets received, 0 errors
# 
# Coverage = 88.541667% 
# 
# 264 packets sent, 176 packets received, 0 errors
# 
# 
# 265 packets sent, 176 packets received, 0 errors
# 
# Coverage = 88.541667% 
# 
# 265 packets sent, 177 packets received, 0 errors
# 
# 
# 266 packets sent, 177 packets received, 0 errors
# 
# 
# 267 packets sent, 177 packets received, 0 errors
# 
# Coverage = 88.541667% 
# 
# 267 packets sent, 178 packets received, 0 errors
# 
# 
# 268 packets sent, 178 packets received, 0 errors
# 
# Coverage = 88.541667% 
# 
# 268 packets sent, 179 packets received, 0 errors
# 
# Coverage = 88.541667% 
# 
# 268 packets sent, 180 packets received, 0 errors
# 
# 
# 269 packets sent, 180 packets received, 0 errors
# 
# Coverage = 88.541667% 
# 
# 269 packets sent, 181 packets received, 0 errors
# 
# 
# 270 packets sent, 181 packets received, 0 errors
# 
# Coverage = 89.062500% 
# 
# 270 packets sent, 182 packets received, 0 errors
# 
# 
# 271 packets sent, 182 packets received, 0 errors
# 
# Coverage = 89.062500% 
# 
# 271 packets sent, 183 packets received, 0 errors
# 
# 
# 272 packets sent, 183 packets received, 0 errors
# 
# Coverage = 89.062500% 
# 
# 272 packets sent, 184 packets received, 0 errors
# 
# 
# 273 packets sent, 184 packets received, 0 errors
# 
# Coverage = 89.062500% 
# 
# 273 packets sent, 185 packets received, 0 errors
# 
# 
# 274 packets sent, 185 packets received, 0 errors
# 
# Coverage = 89.062500% 
# 
# 274 packets sent, 186 packets received, 0 errors
# 
# 
# 275 packets sent, 186 packets received, 0 errors
# 
# Coverage = 89.062500% 
# 
# 275 packets sent, 187 packets received, 0 errors
# 
# 
# 276 packets sent, 187 packets received, 0 errors
# 
# 
# 277 packets sent, 187 packets received, 0 errors
# 
# Coverage = 89.583333% 
# 
# 277 packets sent, 188 packets received, 0 errors
# 
# Coverage = 89.583333% 
# 
# 277 packets sent, 189 packets received, 0 errors
# 
# 
# 278 packets sent, 189 packets received, 0 errors
# 
# Coverage = 89.583333% 
# 
# 278 packets sent, 190 packets received, 0 errors
# 
# 
# 279 packets sent, 190 packets received, 0 errors
# 
# Coverage = 89.583333% 
# 
# 279 packets sent, 191 packets received, 0 errors
# 
# 
# 280 packets sent, 191 packets received, 0 errors
# 
# Coverage = 89.583333% 
# 
# 280 packets sent, 192 packets received, 0 errors
# 
# 
# 281 packets sent, 192 packets received, 0 errors
# 
# Coverage = 89.583333% 
# 
# 281 packets sent, 193 packets received, 0 errors
# 
# 
# 282 packets sent, 193 packets received, 0 errors
# 
# Coverage = 90.104167% 
# 
# 282 packets sent, 194 packets received, 0 errors
# 
# 
# 283 packets sent, 194 packets received, 0 errors
# 
# Coverage = 90.104167% 
# 
# 283 packets sent, 195 packets received, 0 errors
# 
# 
# 284 packets sent, 195 packets received, 0 errors
# 
# Coverage = 90.625000% 
# 
# 284 packets sent, 196 packets received, 0 errors
# 
# 
# 285 packets sent, 196 packets received, 0 errors
# 
# Coverage = 90.625000% 
# 
# 285 packets sent, 197 packets received, 0 errors
# 
# 
# 286 packets sent, 197 packets received, 0 errors
# 
# Coverage = 91.145833% 
# 
# 286 packets sent, 198 packets received, 0 errors
# 
# 
# 287 packets sent, 198 packets received, 0 errors
# 
# Coverage = 91.145833% 
# 
# 287 packets sent, 199 packets received, 0 errors
# 
# 
# 288 packets sent, 199 packets received, 0 errors
# 
# Coverage = 91.145833% 
# 
# 288 packets sent, 200 packets received, 0 errors
# 
# 
# 289 packets sent, 200 packets received, 0 errors
# 
# 
# 290 packets sent, 200 packets received, 0 errors
# 
# Coverage = 91.145833% 
# 
# 290 packets sent, 201 packets received, 0 errors
# 
# Coverage = 91.145833% 
# 
# 290 packets sent, 202 packets received, 0 errors
# 
# 
# 291 packets sent, 202 packets received, 0 errors
# 
# 
# 292 packets sent, 202 packets received, 0 errors
# 
# Coverage = 91.145833% 
# 
# 292 packets sent, 203 packets received, 0 errors
# 
# Coverage = 91.666667% 
# 
# 292 packets sent, 204 packets received, 0 errors
# 
# 
# 293 packets sent, 204 packets received, 0 errors
# 
# 
# 294 packets sent, 204 packets received, 0 errors
# 
# Coverage = 91.666667% 
# 
# 294 packets sent, 205 packets received, 0 errors
# 
# Coverage = 91.666667% 
# 
# 294 packets sent, 206 packets received, 0 errors
# 
# 
# 295 packets sent, 206 packets received, 0 errors
# 
# Coverage = 91.666667% 
# 
# 295 packets sent, 207 packets received, 0 errors
# 
# 
# 296 packets sent, 207 packets received, 0 errors
# 
# 
# 297 packets sent, 207 packets received, 0 errors
# 
# Coverage = 92.187500% 
# 
# 297 packets sent, 208 packets received, 0 errors
# 
# Coverage = 92.187500% 
# 
# 297 packets sent, 209 packets received, 0 errors
# 
# 
# 298 packets sent, 209 packets received, 0 errors
# 
# Coverage = 92.708333% 
# 
# 298 packets sent, 210 packets received, 0 errors
# 
# 
# 299 packets sent, 210 packets received, 0 errors
# 
# 
# 300 packets sent, 210 packets received, 0 errors
# 
# Coverage = 92.708333% 
# 
# 300 packets sent, 211 packets received, 0 errors
# 
# Coverage = 92.708333% 
# 
# 300 packets sent, 212 packets received, 0 errors
# 
# 
# 301 packets sent, 212 packets received, 0 errors
# 
# Coverage = 92.708333% 
# 
# 301 packets sent, 213 packets received, 0 errors
# 
# 
# 302 packets sent, 213 packets received, 0 errors
# 
# Coverage = 92.708333% 
# 
# 302 packets sent, 214 packets received, 0 errors
# 
# 
# 303 packets sent, 214 packets received, 0 errors
# 
# Coverage = 93.229167% 
# 
# 303 packets sent, 215 packets received, 0 errors
# 
# 
# 304 packets sent, 215 packets received, 0 errors
# 
# Coverage = 93.229167% 
# 
# 304 packets sent, 216 packets received, 0 errors
# 
# 
# 305 packets sent, 216 packets received, 0 errors
# 
# Coverage = 93.750000% 
# 
# 305 packets sent, 217 packets received, 0 errors
# 
# 
# 306 packets sent, 217 packets received, 0 errors
# 
# Coverage = 93.750000% 
# 
# 306 packets sent, 218 packets received, 0 errors
# 
# 
# 307 packets sent, 218 packets received, 0 errors
# 
# Coverage = 93.750000% 
# 
# 307 packets sent, 219 packets received, 0 errors
# 
# 
# 308 packets sent, 219 packets received, 0 errors
# 
# Coverage = 93.750000% 
# 
# 308 packets sent, 220 packets received, 0 errors
# 
# 
# 309 packets sent, 220 packets received, 0 errors
# 
# Coverage = 93.750000% 
# 
# 309 packets sent, 221 packets received, 0 errors
# 
# 
# 310 packets sent, 221 packets received, 0 errors
# 
# 
# 311 packets sent, 221 packets received, 0 errors
# 
# Coverage = 93.750000% 
# 
# 311 packets sent, 222 packets received, 0 errors
# 
# Coverage = 93.750000% 
# 
# 311 packets sent, 223 packets received, 0 errors
# 
# 
# 312 packets sent, 223 packets received, 0 errors
# 
# Coverage = 93.750000% 
# 
# 312 packets sent, 224 packets received, 0 errors
# 
# 
# 313 packets sent, 224 packets received, 0 errors
# 
# Coverage = 93.750000% 
# 
# 313 packets sent, 225 packets received, 0 errors
# 
# 
# 314 packets sent, 225 packets received, 0 errors
# 
# Coverage = 93.750000% 
# 
# 314 packets sent, 226 packets received, 0 errors
# 
# 
# 315 packets sent, 226 packets received, 0 errors
# 
# Coverage = 93.750000% 
# 
# 315 packets sent, 227 packets received, 0 errors
# 
# 
# 316 packets sent, 227 packets received, 0 errors
# 
# 
# 317 packets sent, 227 packets received, 0 errors
# 
# Coverage = 93.750000% 
# 
# 317 packets sent, 228 packets received, 0 errors
# 
# Coverage = 93.750000% 
# 
# 317 packets sent, 229 packets received, 0 errors
# 
# 
# 318 packets sent, 229 packets received, 0 errors
# 
# Coverage = 93.750000% 
# 
# 318 packets sent, 230 packets received, 0 errors
# 
# 
# 319 packets sent, 230 packets received, 0 errors
# 
# Coverage = 93.750000% 
# 
# 319 packets sent, 231 packets received, 0 errors
# 
# 
# 320 packets sent, 231 packets received, 0 errors
# 
# Coverage = 93.750000% 
# 
# 320 packets sent, 232 packets received, 0 errors
# 
# 
# 321 packets sent, 232 packets received, 0 errors
# 
# Coverage = 94.270833% 
# 
# 321 packets sent, 233 packets received, 0 errors
# 
# 
# 322 packets sent, 233 packets received, 0 errors
# 
# Coverage = 94.791667% 
# 
# 322 packets sent, 234 packets received, 0 errors
# 
# 
# 323 packets sent, 234 packets received, 0 errors
# 
# Coverage = 94.791667% 
# 
# 323 packets sent, 235 packets received, 0 errors
# 
# 
# 324 packets sent, 235 packets received, 0 errors
# 
# Coverage = 94.791667% 
# 
# 324 packets sent, 236 packets received, 0 errors
# 
# 
# 325 packets sent, 236 packets received, 0 errors
# 
# 
# 326 packets sent, 236 packets received, 0 errors
# 
# Coverage = 94.791667% 
# 
# 326 packets sent, 237 packets received, 0 errors
# 
# Coverage = 94.791667% 
# 
# 326 packets sent, 238 packets received, 0 errors
# 
# 
# 327 packets sent, 238 packets received, 0 errors
# 
# Coverage = 94.791667% 
# 
# 327 packets sent, 239 packets received, 0 errors
# 
# 
# 328 packets sent, 239 packets received, 0 errors
# 
# Coverage = 95.312500% 
# 
# 328 packets sent, 240 packets received, 0 errors
# 
# 
# 329 packets sent, 240 packets received, 0 errors
# 
# Coverage = 95.312500% 
# 
# 329 packets sent, 241 packets received, 0 errors
# 
# 
# 330 packets sent, 241 packets received, 0 errors
# 
# Coverage = 95.312500% 
# 
# 330 packets sent, 242 packets received, 0 errors
# 
# 
# 331 packets sent, 242 packets received, 0 errors
# 
# Coverage = 95.312500% 
# 
# 331 packets sent, 243 packets received, 0 errors
# 
# 
# 332 packets sent, 243 packets received, 0 errors
# 
# Coverage = 95.833333% 
# 
# 332 packets sent, 244 packets received, 0 errors
# 
# 
# 333 packets sent, 244 packets received, 0 errors
# 
# Coverage = 95.833333% 
# 
# 333 packets sent, 245 packets received, 0 errors
# 
# 
# 334 packets sent, 245 packets received, 0 errors
# 
# Coverage = 95.833333% 
# 
# 334 packets sent, 246 packets received, 0 errors
# 
# 
# 335 packets sent, 246 packets received, 0 errors
# 
# Coverage = 95.833333% 
# 
# 335 packets sent, 247 packets received, 0 errors
# 
# 
# 336 packets sent, 247 packets received, 0 errors
# 
# Coverage = 95.833333% 
# 
# 336 packets sent, 248 packets received, 0 errors
# 
# 
# 337 packets sent, 248 packets received, 0 errors
# 
# Coverage = 95.833333% 
# 
# 337 packets sent, 249 packets received, 0 errors
# 
# 
# 338 packets sent, 249 packets received, 0 errors
# 
# Coverage = 96.354167% 
# 
# 338 packets sent, 250 packets received, 0 errors
# 
# 
# 339 packets sent, 250 packets received, 0 errors
# 
# Coverage = 96.354167% 
# 
# 339 packets sent, 251 packets received, 0 errors
# 
# 
# 340 packets sent, 251 packets received, 0 errors
# 
# Coverage = 96.875000% 
# 
# 340 packets sent, 252 packets received, 0 errors
# 
# 
# 341 packets sent, 252 packets received, 0 errors
# 
# 
# 342 packets sent, 252 packets received, 0 errors
# 
# Coverage = 96.875000% 
# 
# 342 packets sent, 253 packets received, 0 errors
# 
# Coverage = 96.875000% 
# 
# 342 packets sent, 254 packets received, 0 errors
# 
# 
# 343 packets sent, 254 packets received, 0 errors
# 
# Coverage = 96.875000% 
# 
# 343 packets sent, 255 packets received, 0 errors
# 
# 
# 344 packets sent, 255 packets received, 0 errors
# 
# Coverage = 96.875000% 
# 
# 344 packets sent, 256 packets received, 0 errors
# 
# 
# 345 packets sent, 256 packets received, 0 errors
# 
# Coverage = 96.875000% 
# 
# 345 packets sent, 257 packets received, 0 errors
# 
# 
# 346 packets sent, 257 packets received, 0 errors
# 
# Coverage = 96.875000% 
# 
# 346 packets sent, 258 packets received, 0 errors
# 
# 
# 347 packets sent, 258 packets received, 0 errors
# 
# Coverage = 96.875000% 
# 
# 347 packets sent, 259 packets received, 0 errors
# 
# 
# 348 packets sent, 259 packets received, 0 errors
# 
# Coverage = 97.395833% 
# 
# 348 packets sent, 260 packets received, 0 errors
# 
# 
# 349 packets sent, 260 packets received, 0 errors
# 
# Coverage = 97.395833% 
# 
# 349 packets sent, 261 packets received, 0 errors
# 
# 
# 350 packets sent, 261 packets received, 0 errors
# 
# 
# 351 packets sent, 261 packets received, 0 errors
# 
# Coverage = 97.395833% 
# 
# 351 packets sent, 262 packets received, 0 errors
# 
# Coverage = 97.395833% 
# 
# 351 packets sent, 263 packets received, 0 errors
# 
# 
# 352 packets sent, 263 packets received, 0 errors
# 
# Coverage = 97.395833% 
# 
# 352 packets sent, 264 packets received, 0 errors
# 
# 
# 353 packets sent, 264 packets received, 0 errors
# 
# Coverage = 97.395833% 
# 
# 353 packets sent, 265 packets received, 0 errors
# 
# 
# 354 packets sent, 265 packets received, 0 errors
# 
# Coverage = 97.395833% 
# 
# 354 packets sent, 266 packets received, 0 errors
# 
# 
# 355 packets sent, 266 packets received, 0 errors
# 
# Coverage = 97.916667% 
# 
# 355 packets sent, 267 packets received, 0 errors
# 
# 
# 356 packets sent, 267 packets received, 0 errors
# 
# Coverage = 97.916667% 
# 
# 356 packets sent, 268 packets received, 0 errors
# 
# 
# 357 packets sent, 268 packets received, 0 errors
# 
# 
# 358 packets sent, 268 packets received, 0 errors
# 
# Coverage = 97.916667% 
# 
# 358 packets sent, 269 packets received, 0 errors
# 
# Coverage = 97.916667% 
# 
# 358 packets sent, 270 packets received, 0 errors
# 
# 
# 359 packets sent, 270 packets received, 0 errors
# 
# Coverage = 97.916667% 
# 
# 359 packets sent, 271 packets received, 0 errors
# 
# 
# 360 packets sent, 271 packets received, 0 errors
# 
# Coverage = 97.916667% 
# 
# 360 packets sent, 272 packets received, 0 errors
# 
# 
# 361 packets sent, 272 packets received, 0 errors
# 
# Coverage = 97.916667% 
# 
# 361 packets sent, 273 packets received, 0 errors
# 
# 
# 362 packets sent, 273 packets received, 0 errors
# 
# Coverage = 97.916667% 
# 
# 362 packets sent, 274 packets received, 0 errors
# 
# 
# 363 packets sent, 274 packets received, 0 errors
# 
# Coverage = 97.916667% 
# 
# 363 packets sent, 275 packets received, 0 errors
# 
# 
# 364 packets sent, 275 packets received, 0 errors
# 
# 
# 365 packets sent, 275 packets received, 0 errors
# 
# Coverage = 97.916667% 
# 
# 365 packets sent, 276 packets received, 0 errors
# 
# Coverage = 97.916667% 
# 
# 365 packets sent, 277 packets received, 0 errors
# 
# 
# 366 packets sent, 277 packets received, 0 errors
# 
# Coverage = 97.916667% 
# 
# 366 packets sent, 278 packets received, 0 errors
# 
# 
# 367 packets sent, 278 packets received, 0 errors
# 
# Coverage = 97.916667% 
# 
# 367 packets sent, 279 packets received, 0 errors
# 
# 
# 368 packets sent, 279 packets received, 0 errors
# 
# Coverage = 97.916667% 
# 
# 368 packets sent, 280 packets received, 0 errors
# 
# 
# 369 packets sent, 280 packets received, 0 errors
# 
# 
# 370 packets sent, 280 packets received, 0 errors
# 
# Coverage = 97.916667% 
# 
# 370 packets sent, 281 packets received, 0 errors
# 
# Coverage = 97.916667% 
# 
# 370 packets sent, 282 packets received, 0 errors
# 
# 
# 371 packets sent, 282 packets received, 0 errors
# 
# Coverage = 97.916667% 
# 
# 371 packets sent, 283 packets received, 0 errors
# 
# 
# 372 packets sent, 283 packets received, 0 errors
# 
# Coverage = 97.916667% 
# 
# 372 packets sent, 284 packets received, 0 errors
# 
# 
# 373 packets sent, 284 packets received, 0 errors
# 
# Coverage = 97.916667% 
# 
# 373 packets sent, 285 packets received, 0 errors
# 
# 
# 374 packets sent, 285 packets received, 0 errors
# 
# Coverage = 97.916667% 
# 
# 374 packets sent, 286 packets received, 0 errors
# 
# 
# 375 packets sent, 286 packets received, 0 errors
# 
# Coverage = 97.916667% 
# 
# 375 packets sent, 287 packets received, 0 errors
# 
# 
# 376 packets sent, 287 packets received, 0 errors
# 
# Coverage = 97.916667% 
# 
# 376 packets sent, 288 packets received, 0 errors
# 
# 
# 377 packets sent, 288 packets received, 0 errors
# 
# 
# 378 packets sent, 288 packets received, 0 errors
# 
# Coverage = 97.916667% 
# 
# 378 packets sent, 289 packets received, 0 errors
# 
# Coverage = 97.916667% 
# 
# 378 packets sent, 290 packets received, 0 errors
# 
# 
# 379 packets sent, 290 packets received, 0 errors
# 
# Coverage = 97.916667% 
# 
# 379 packets sent, 291 packets received, 0 errors
# 
# 
# 380 packets sent, 291 packets received, 0 errors
# 
# 
# 381 packets sent, 291 packets received, 0 errors
# 
# Coverage = 97.916667% 
# 
# 381 packets sent, 292 packets received, 0 errors
# 
# Coverage = 97.916667% 
# 
# 381 packets sent, 293 packets received, 0 errors
# 
# 
# 382 packets sent, 293 packets received, 0 errors
# 
# Coverage = 97.916667% 
# 
# 382 packets sent, 294 packets received, 0 errors
# 
# 
# 383 packets sent, 294 packets received, 0 errors
# 
# Coverage = 97.916667% 
# 
# 383 packets sent, 295 packets received, 0 errors
# 
# 
# 384 packets sent, 295 packets received, 0 errors
# 
# Coverage = 97.916667% 
# 
# 384 packets sent, 296 packets received, 0 errors
# 
# 
# 385 packets sent, 296 packets received, 0 errors
# 
# Coverage = 97.916667% 
# 
# 385 packets sent, 297 packets received, 0 errors
# 
# 
# 386 packets sent, 297 packets received, 0 errors
# 
# 
# 387 packets sent, 297 packets received, 0 errors
# 
# Coverage = 97.916667% 
# 
# 387 packets sent, 298 packets received, 0 errors
# 
# Coverage = 97.916667% 
# 
# 387 packets sent, 299 packets received, 0 errors
# 
# 
# 388 packets sent, 299 packets received, 0 errors
# 
# Coverage = 97.916667% 
# 
# 388 packets sent, 300 packets received, 0 errors
# 
# 
# 389 packets sent, 300 packets received, 0 errors
# 
# Coverage = 97.916667% 
# 
# 389 packets sent, 301 packets received, 0 errors
# 
# 
# 390 packets sent, 301 packets received, 0 errors
# 
# Coverage = 97.916667% 
# 
# 390 packets sent, 302 packets received, 0 errors
# 
# 
# 391 packets sent, 302 packets received, 0 errors
# 
# Coverage = 97.916667% 
# 
# 391 packets sent, 303 packets received, 0 errors
# 
# 
# 392 packets sent, 303 packets received, 0 errors
# 
# Coverage = 97.916667% 
# 
# 392 packets sent, 304 packets received, 0 errors
# 
# 
# 393 packets sent, 304 packets received, 0 errors
# 
# Coverage = 97.916667% 
# 
# 393 packets sent, 305 packets received, 0 errors
# 
# 
# 394 packets sent, 305 packets received, 0 errors
# 
# Coverage = 97.916667% 
# 
# 394 packets sent, 306 packets received, 0 errors
# 
# 
# 395 packets sent, 306 packets received, 0 errors
# 
# Coverage = 98.437500% 
# 
# 395 packets sent, 307 packets received, 0 errors
# 
# 
# 396 packets sent, 307 packets received, 0 errors
# 
# Coverage = 98.437500% 
# 
# 396 packets sent, 308 packets received, 0 errors
# 
# 
# 397 packets sent, 308 packets received, 0 errors
# 
# Coverage = 98.437500% 
# 
# 397 packets sent, 309 packets received, 0 errors
# 
# 
# 398 packets sent, 309 packets received, 0 errors
# 
# Coverage = 98.437500% 
# 
# 398 packets sent, 310 packets received, 0 errors
# 
# 
# 399 packets sent, 310 packets received, 0 errors
# 
# 
# 400 packets sent, 310 packets received, 0 errors
# 
# Coverage = 98.958333% 
# 
# 400 packets sent, 311 packets received, 0 errors
# 
# Coverage = 98.958333% 
# 
# 400 packets sent, 312 packets received, 0 errors
# 
# 
# 401 packets sent, 312 packets received, 0 errors
# 
# Coverage = 98.958333% 
# 
# 401 packets sent, 313 packets received, 0 errors
# 
# 
# 402 packets sent, 313 packets received, 0 errors
# 
# Coverage = 98.958333% 
# 
# 402 packets sent, 314 packets received, 0 errors
# 
# 
# 403 packets sent, 314 packets received, 0 errors
# 
# Coverage = 98.958333% 
# 
# 403 packets sent, 315 packets received, 0 errors
# 
# 
# 404 packets sent, 315 packets received, 0 errors
# 
# Coverage = 98.958333% 
# 
# 404 packets sent, 316 packets received, 0 errors
# 
# 
# 405 packets sent, 316 packets received, 0 errors
# 
# Coverage = 98.958333% 
# 
# 405 packets sent, 317 packets received, 0 errors
# 
# 
# 406 packets sent, 317 packets received, 0 errors
# 
# Coverage = 98.958333% 
# 
# 406 packets sent, 318 packets received, 0 errors
# 
# 
# 407 packets sent, 318 packets received, 0 errors
# 
# Coverage = 98.958333% 
# 
# 407 packets sent, 319 packets received, 0 errors
# 
# 
# 408 packets sent, 319 packets received, 0 errors
# 
# Coverage = 98.958333% 
# 
# 408 packets sent, 320 packets received, 0 errors
# 
# 
# 409 packets sent, 320 packets received, 0 errors
# 
# 
# 410 packets sent, 320 packets received, 0 errors
# 
# Coverage = 98.958333% 
# 
# 410 packets sent, 321 packets received, 0 errors
# 
# Coverage = 98.958333% 
# 
# 410 packets sent, 322 packets received, 0 errors
# 
# 
# 411 packets sent, 322 packets received, 0 errors
# 
# Coverage = 99.479167% 
# 
# 411 packets sent, 323 packets received, 0 errors
# 
# 
# 412 packets sent, 323 packets received, 0 errors
# 
# 
# 413 packets sent, 323 packets received, 0 errors
# 
# Coverage = 99.479167% 
# 
# 413 packets sent, 324 packets received, 0 errors
# 
# Coverage = 99.479167% 
# 
# 413 packets sent, 325 packets received, 0 errors
# 
# 
# 414 packets sent, 325 packets received, 0 errors
# 
# Coverage = 99.479167% 
# 
# 414 packets sent, 326 packets received, 0 errors
# 
# 
# 415 packets sent, 326 packets received, 0 errors
# 
# Coverage = 99.479167% 
# 
# 415 packets sent, 327 packets received, 0 errors
# 
# 
# 416 packets sent, 327 packets received, 0 errors
# 
# Coverage = 99.479167% 
# 
# 416 packets sent, 328 packets received, 0 errors
# 
# 
# 417 packets sent, 328 packets received, 0 errors
# 
# Coverage = 99.479167% 
# 
# 417 packets sent, 329 packets received, 0 errors
# 
# 
# 418 packets sent, 329 packets received, 0 errors
# 
# Coverage = 99.479167% 
# 
# 418 packets sent, 330 packets received, 0 errors
# 
# 
# 419 packets sent, 330 packets received, 0 errors
# 
# Coverage = 99.479167% 
# 
# 419 packets sent, 331 packets received, 0 errors
# 
# 
# 420 packets sent, 331 packets received, 0 errors
# 
# Coverage = 99.479167% 
# 
# 420 packets sent, 332 packets received, 0 errors
# 
# 
# 421 packets sent, 332 packets received, 0 errors
# 
# Coverage = 99.479167% 
# 
# 421 packets sent, 333 packets received, 0 errors
# 
# 
# 422 packets sent, 333 packets received, 0 errors
# 
# Coverage = 99.479167% 
# 
# 422 packets sent, 334 packets received, 0 errors
# 
# 
# 423 packets sent, 334 packets received, 0 errors
# 
# Coverage = 99.479167% 
# 
# 423 packets sent, 335 packets received, 0 errors
# 
# 
# 424 packets sent, 335 packets received, 0 errors
# 
# Coverage = 99.479167% 
# 
# 424 packets sent, 336 packets received, 0 errors
# 
# 
# 425 packets sent, 336 packets received, 0 errors
# 
# Coverage = 99.479167% 
# 
# 425 packets sent, 337 packets received, 0 errors
# 
# 
# 426 packets sent, 337 packets received, 0 errors
# 
# Coverage = 99.479167% 
# 
# 426 packets sent, 338 packets received, 0 errors
# 
# 
# 427 packets sent, 338 packets received, 0 errors
# 
# Coverage = 99.479167% 
# 
# 427 packets sent, 339 packets received, 0 errors
# 
# 
# 428 packets sent, 339 packets received, 0 errors
# 
# Coverage = 99.479167% 
# 
# 428 packets sent, 340 packets received, 0 errors
# 
# 
# 429 packets sent, 340 packets received, 0 errors
# 
# 
# 430 packets sent, 340 packets received, 0 errors
# 
# Coverage = 99.479167% 
# 
# 430 packets sent, 341 packets received, 0 errors
# 
# Coverage = 99.479167% 
# 
# 430 packets sent, 342 packets received, 0 errors
# 
# 
# 431 packets sent, 342 packets received, 0 errors
# 
# Coverage = 99.479167% 
# 
# 431 packets sent, 343 packets received, 0 errors
# 
# 
# 432 packets sent, 343 packets received, 0 errors
# 
# Coverage = 99.479167% 
# 
# 432 packets sent, 344 packets received, 0 errors
# 
# 
# 433 packets sent, 344 packets received, 0 errors
# 
# Coverage = 99.479167% 
# 
# 433 packets sent, 345 packets received, 0 errors
# 
# 
# 434 packets sent, 345 packets received, 0 errors
# 
# Coverage = 99.479167% 
# 
# 434 packets sent, 346 packets received, 0 errors
# 
# 
# 435 packets sent, 346 packets received, 0 errors
# 
# Coverage = 99.479167% 
# 
# 435 packets sent, 347 packets received, 0 errors
# 
# 
# 436 packets sent, 347 packets received, 0 errors
# 
# Coverage = 99.479167% 
# 
# 436 packets sent, 348 packets received, 0 errors
# 
# 
# 437 packets sent, 348 packets received, 0 errors
# 
# Coverage = 99.479167% 
# 
# 437 packets sent, 349 packets received, 0 errors
# 
# 
# 438 packets sent, 349 packets received, 0 errors
# 
# Coverage = 99.479167% 
# 
# 438 packets sent, 350 packets received, 0 errors
# 
# 
# 439 packets sent, 350 packets received, 0 errors
# 
# Coverage = 99.479167% 
# 
# 439 packets sent, 351 packets received, 0 errors
# 
# 
# 440 packets sent, 351 packets received, 0 errors
# 
# Coverage = 99.479167% 
# 
# 440 packets sent, 352 packets received, 0 errors
# 
# 
# 441 packets sent, 352 packets received, 0 errors
# 
# Coverage = 99.479167% 
# 
# 441 packets sent, 353 packets received, 0 errors
# 
# 
# 442 packets sent, 353 packets received, 0 errors
# 
# Coverage = 99.479167% 
# 
# 442 packets sent, 354 packets received, 0 errors
# 
# 
# 443 packets sent, 354 packets received, 0 errors
# 
# Coverage = 99.479167% 
# 
# 443 packets sent, 355 packets received, 0 errors
# 
# 
# 444 packets sent, 355 packets received, 0 errors
# 
# Coverage = 99.479167% 
# 
# 444 packets sent, 356 packets received, 0 errors
# 
# 
# 445 packets sent, 356 packets received, 0 errors
# 
# Coverage = 99.479167% 
# 
# 445 packets sent, 357 packets received, 0 errors
# 
# 
# 446 packets sent, 357 packets received, 0 errors
# 
# Coverage = 99.479167% 
# 
# 446 packets sent, 358 packets received, 0 errors
# 
# 
# 447 packets sent, 358 packets received, 0 errors
# 
# Coverage = 99.479167% 
# 
# 447 packets sent, 359 packets received, 0 errors
# 
# 
# 448 packets sent, 359 packets received, 0 errors
# 
# Coverage = 99.479167% 
# 
# 448 packets sent, 360 packets received, 0 errors
# 
# 
# 449 packets sent, 360 packets received, 0 errors
# 
# 
# 450 packets sent, 360 packets received, 0 errors
# 
# Coverage = 99.479167% 
# 
# 450 packets sent, 361 packets received, 0 errors
# 
# Coverage = 99.479167% 
# 
# 450 packets sent, 362 packets received, 0 errors
# 
# 
# 451 packets sent, 362 packets received, 0 errors
# 
# Coverage = 99.479167% 
# 
# 451 packets sent, 363 packets received, 0 errors
# 
# 
# 452 packets sent, 363 packets received, 0 errors
# 
# Coverage = 99.479167% 
# 
# 452 packets sent, 364 packets received, 0 errors
# 
# 
# 453 packets sent, 364 packets received, 0 errors
# 
# 
# 454 packets sent, 364 packets received, 0 errors
# 
# Coverage = 99.479167% 
# 
# 454 packets sent, 365 packets received, 0 errors
# 
# Coverage = 99.479167% 
# 
# 454 packets sent, 366 packets received, 0 errors
# 
# 
# 455 packets sent, 366 packets received, 0 errors
# 
# 
# 456 packets sent, 366 packets received, 0 errors
# 
# Coverage = 99.479167% 
# 
# 456 packets sent, 367 packets received, 0 errors
# 
# Coverage = 99.479167% 
# 
# 456 packets sent, 368 packets received, 0 errors
# 
# 
# 457 packets sent, 368 packets received, 0 errors
# 
# Coverage = 99.479167% 
# 
# 457 packets sent, 369 packets received, 0 errors
# 
# 
# 458 packets sent, 369 packets received, 0 errors
# 
# 
# 459 packets sent, 369 packets received, 0 errors
# 
# Coverage = 99.479167% 
# 
# 459 packets sent, 370 packets received, 0 errors
# 
# Coverage = 99.479167% 
# 
# 459 packets sent, 371 packets received, 0 errors
# 
# 
# 460 packets sent, 371 packets received, 0 errors
# 
# 
# 461 packets sent, 371 packets received, 0 errors
# 
# Coverage = 99.479167% 
# 
# 461 packets sent, 372 packets received, 0 errors
# 
# Coverage = 99.479167% 
# 
# 461 packets sent, 373 packets received, 0 errors
# 
# 
# 462 packets sent, 373 packets received, 0 errors
# 
# Coverage = 99.479167% 
# 
# 462 packets sent, 374 packets received, 0 errors
# 
# 
# 463 packets sent, 374 packets received, 0 errors
# 
# Coverage = 99.479167% 
# 
# 463 packets sent, 375 packets received, 0 errors
# 
# 
# 464 packets sent, 375 packets received, 0 errors
# 
# Coverage = 99.479167% 
# 
# 464 packets sent, 376 packets received, 0 errors
# 
# 
# 465 packets sent, 376 packets received, 0 errors
# 
# Coverage = 99.479167% 
# 
# 465 packets sent, 377 packets received, 0 errors
# 
# 
# 466 packets sent, 377 packets received, 0 errors
# 
# Coverage = 99.479167% 
# 
# 466 packets sent, 378 packets received, 0 errors
# 
# 
# 467 packets sent, 378 packets received, 0 errors
# 
# Coverage = 99.479167% 
# 
# 467 packets sent, 379 packets received, 0 errors
# 
# 
# 468 packets sent, 379 packets received, 0 errors
# 
# Coverage = 99.479167% 
# 
# 468 packets sent, 380 packets received, 0 errors
# 
# 
# 469 packets sent, 380 packets received, 0 errors
# 
# Coverage = 99.479167% 
# 
# 469 packets sent, 381 packets received, 0 errors
# 
# 
# 470 packets sent, 381 packets received, 0 errors
# 
# 
# 471 packets sent, 381 packets received, 0 errors
# 
# Coverage = 99.479167% 
# 
# 471 packets sent, 382 packets received, 0 errors
# 
# Coverage = 99.479167% 
# 
# 471 packets sent, 383 packets received, 0 errors
# 
# 
# 472 packets sent, 383 packets received, 0 errors
# 
# 
# 473 packets sent, 383 packets received, 0 errors
# 
# Coverage = 99.479167% 
# 
# 473 packets sent, 384 packets received, 0 errors
# 
# Coverage = 99.479167% 
# 
# 473 packets sent, 385 packets received, 0 errors
# 
# 
# 474 packets sent, 385 packets received, 0 errors
# 
# Coverage = 99.479167% 
# 
# 474 packets sent, 386 packets received, 0 errors
# 
# 
# 475 packets sent, 386 packets received, 0 errors
# 
# Coverage = 99.479167% 
# 
# 475 packets sent, 387 packets received, 0 errors
# 
# 
# 476 packets sent, 387 packets received, 0 errors
# 
# Coverage = 99.479167% 
# 
# 476 packets sent, 388 packets received, 0 errors
# 
# 
# 477 packets sent, 388 packets received, 0 errors
# 
# 
# 478 packets sent, 388 packets received, 0 errors
# 
# Coverage = 99.479167% 
# 
# 478 packets sent, 389 packets received, 0 errors
# 
# Coverage = 99.479167% 
# 
# 478 packets sent, 390 packets received, 0 errors
# 
# 
# 479 packets sent, 390 packets received, 0 errors
# 
# Coverage = 99.479167% 
# 
# 479 packets sent, 391 packets received, 0 errors
# 
# 
# 480 packets sent, 391 packets received, 0 errors
# 
# Coverage = 99.479167% 
# 
# 480 packets sent, 392 packets received, 0 errors
# 
# 
# 481 packets sent, 392 packets received, 0 errors
# 
# Coverage = 99.479167% 
# 
# 481 packets sent, 393 packets received, 0 errors
# 
# 
# 482 packets sent, 393 packets received, 0 errors
# 
# Coverage = 99.479167% 
# 
# 482 packets sent, 394 packets received, 0 errors
# 
# 
# 483 packets sent, 394 packets received, 0 errors
# 
# Coverage = 99.479167% 
# 
# 483 packets sent, 395 packets received, 0 errors
# 
# 
# 484 packets sent, 395 packets received, 0 errors
# 
# Coverage = 99.479167% 
# 
# 484 packets sent, 396 packets received, 0 errors
# 
# 
# 485 packets sent, 396 packets received, 0 errors
# 
# Coverage = 99.479167% 
# 
# 485 packets sent, 397 packets received, 0 errors
# 
# 
# 486 packets sent, 397 packets received, 0 errors
# 
# Coverage = 99.479167% 
# 
# 486 packets sent, 398 packets received, 0 errors
# 
# 
# 487 packets sent, 398 packets received, 0 errors
# 
# Coverage = 99.479167% 
# 
# 487 packets sent, 399 packets received, 0 errors
# 
# 
# 488 packets sent, 399 packets received, 0 errors
# 
# Coverage = 99.479167% 
# 
# 488 packets sent, 400 packets received, 0 errors
# 
# 
# 489 packets sent, 400 packets received, 0 errors
# 
# Coverage = 99.479167% 
# 
# 489 packets sent, 401 packets received, 0 errors
# 
# 
# 490 packets sent, 401 packets received, 0 errors
# 
# Coverage = 99.479167% 
# 
# 490 packets sent, 402 packets received, 0 errors
# 
# 
# 491 packets sent, 402 packets received, 0 errors
# 
# Coverage = 99.479167% 
# 
# 491 packets sent, 403 packets received, 0 errors
# 
# 
# 492 packets sent, 403 packets received, 0 errors
# 
# Coverage = 99.479167% 
# 
# 492 packets sent, 404 packets received, 0 errors
# 
# 
# 493 packets sent, 404 packets received, 0 errors
# 
# Coverage = 99.479167% 
# 
# 493 packets sent, 405 packets received, 0 errors
# 
# 
# 494 packets sent, 405 packets received, 0 errors
# 
# Coverage = 99.479167% 
# 
# 494 packets sent, 406 packets received, 0 errors
# 
# 
# 495 packets sent, 406 packets received, 0 errors
# 
# Coverage = 99.479167% 
# 
# 495 packets sent, 407 packets received, 0 errors
# 
# 
# 496 packets sent, 407 packets received, 0 errors
# 
# 
# 497 packets sent, 407 packets received, 0 errors
# 
# Coverage = 99.479167% 
# 
# 497 packets sent, 408 packets received, 0 errors
# 
# Coverage = 99.479167% 
# 
# 497 packets sent, 409 packets received, 0 errors
# 
# 
# 498 packets sent, 409 packets received, 0 errors
# 
# Coverage = 99.479167% 
# 
# 498 packets sent, 410 packets received, 0 errors
# 
# 
# 499 packets sent, 410 packets received, 0 errors
# 
# Coverage = 99.479167% 
# 
# 499 packets sent, 411 packets received, 0 errors
# 
# 
# 500 packets sent, 411 packets received, 0 errors
# 
# Coverage = 99.479167% 
# 
# 500 packets sent, 412 packets received, 0 errors
# 
# 
# 501 packets sent, 412 packets received, 0 errors
# 
# Coverage = 99.479167% 
# 
# 501 packets sent, 413 packets received, 0 errors
# 
# 
# 502 packets sent, 413 packets received, 0 errors
# 
# Coverage = 99.479167% 
# 
# 502 packets sent, 414 packets received, 0 errors
# 
# 
# 503 packets sent, 414 packets received, 0 errors
# 
# Coverage = 99.479167% 
# 
# 503 packets sent, 415 packets received, 0 errors
# 
# 
# 504 packets sent, 415 packets received, 0 errors
# 
# 
# 505 packets sent, 415 packets received, 0 errors
# 
# Coverage = 99.479167% 
# 
# 505 packets sent, 416 packets received, 0 errors
# 
# Coverage = 99.479167% 
# 
# 505 packets sent, 417 packets received, 0 errors
# 
# 
# 506 packets sent, 417 packets received, 0 errors
# 
# 
# 507 packets sent, 417 packets received, 0 errors
# 
# Coverage = 99.479167% 
# 
# 507 packets sent, 418 packets received, 0 errors
# 
# Coverage = 99.479167% 
# 
# 507 packets sent, 419 packets received, 0 errors
# 
# 
# 508 packets sent, 419 packets received, 0 errors
# 
# Coverage = 99.479167% 
# 
# 508 packets sent, 420 packets received, 0 errors
# 
# 
# 509 packets sent, 420 packets received, 0 errors
# 
# Coverage = 99.479167% 
# 
# 509 packets sent, 421 packets received, 0 errors
# 
# 
# 510 packets sent, 421 packets received, 0 errors
# 
# Coverage = 99.479167% 
# 
# 510 packets sent, 422 packets received, 0 errors
# 
# 
# 511 packets sent, 422 packets received, 0 errors
# 
# Coverage = 99.479167% 
# 
# 511 packets sent, 423 packets received, 0 errors
# 
# 
# 512 packets sent, 423 packets received, 0 errors
# 
# 
# 513 packets sent, 423 packets received, 0 errors
# 
# Coverage = 99.479167% 
# 
# 513 packets sent, 424 packets received, 0 errors
# 
# Coverage = 99.479167% 
# 
# 513 packets sent, 425 packets received, 0 errors
# 
# 
# 514 packets sent, 425 packets received, 0 errors
# 
# Coverage = 99.479167% 
# 
# 514 packets sent, 426 packets received, 0 errors
# 
# 
# 515 packets sent, 426 packets received, 0 errors
# 
# 
# 516 packets sent, 426 packets received, 0 errors
# 
# Coverage = 99.479167% 
# 
# 516 packets sent, 427 packets received, 0 errors
# 
# Coverage = 99.479167% 
# 
# 516 packets sent, 428 packets received, 0 errors
# 
# 
# 517 packets sent, 428 packets received, 0 errors
# 
# Coverage = 99.479167% 
# 
# 517 packets sent, 429 packets received, 0 errors
# 
# 
# 518 packets sent, 429 packets received, 0 errors
# 
# Coverage = 99.479167% 
# 
# 518 packets sent, 430 packets received, 0 errors
# 
# 
# 519 packets sent, 430 packets received, 0 errors
# 
# 
# 520 packets sent, 430 packets received, 0 errors
# 
# Coverage = 99.479167% 
# 
# 520 packets sent, 431 packets received, 0 errors
# 
# Coverage = 99.479167% 
# 
# 520 packets sent, 432 packets received, 0 errors
# 
# 
# 521 packets sent, 432 packets received, 0 errors
# 
# Coverage = 99.479167% 
# 
# 521 packets sent, 433 packets received, 0 errors
# 
# 
# 522 packets sent, 433 packets received, 0 errors
# 
# 
# 523 packets sent, 433 packets received, 0 errors
# 
# Coverage = 99.479167% 
# 
# 523 packets sent, 434 packets received, 0 errors
# 
# Coverage = 99.479167% 
# 
# 523 packets sent, 435 packets received, 0 errors
# 
# 
# 524 packets sent, 435 packets received, 0 errors
# 
# Coverage = 99.479167% 
# 
# 524 packets sent, 436 packets received, 0 errors
# 
# 
# 525 packets sent, 436 packets received, 0 errors
# 
# Coverage = 99.479167% 
# 
# 525 packets sent, 437 packets received, 0 errors
# 
# 
# 526 packets sent, 437 packets received, 0 errors
# 
# Coverage = 99.479167% 
# 
# 526 packets sent, 438 packets received, 0 errors
# 
# 
# 527 packets sent, 438 packets received, 0 errors
# 
# 
# 528 packets sent, 438 packets received, 0 errors
# 
# 
# 529 packets sent, 438 packets received, 0 errors
# 
# Coverage = 99.479167% 
# 
# 529 packets sent, 439 packets received, 0 errors
# 
# Coverage = 99.479167% 
# 
# 529 packets sent, 440 packets received, 0 errors
# 
# Coverage = 99.479167% 
# 
# 529 packets sent, 441 packets received, 0 errors
# 
# 
# 530 packets sent, 441 packets received, 0 errors
# 
# Coverage = 99.479167% 
# 
# 530 packets sent, 442 packets received, 0 errors
# 
# 
# 531 packets sent, 442 packets received, 0 errors
# 
# Coverage = 99.479167% 
# 
# 531 packets sent, 443 packets received, 0 errors
# 
# 
# 532 packets sent, 443 packets received, 0 errors
# 
# Coverage = 99.479167% 
# 
# 532 packets sent, 444 packets received, 0 errors
# 
# 
# 533 packets sent, 444 packets received, 0 errors
# 
# Coverage = 99.479167% 
# 
# 533 packets sent, 445 packets received, 0 errors
# 
# 
# 534 packets sent, 445 packets received, 0 errors
# 
# Coverage = 99.479167% 
# 
# 534 packets sent, 446 packets received, 0 errors
# 
# 
# 535 packets sent, 446 packets received, 0 errors
# 
# Coverage = 99.479167% 
# 
# 535 packets sent, 447 packets received, 0 errors
# 
# 
# 536 packets sent, 447 packets received, 0 errors
# 
# Coverage = 99.479167% 
# 
# 536 packets sent, 448 packets received, 0 errors
# 
# 
# 537 packets sent, 448 packets received, 0 errors
# 
# Coverage = 99.479167% 
# 
# 537 packets sent, 449 packets received, 0 errors
# 
# 
# 538 packets sent, 449 packets received, 0 errors
# 
# Coverage = 99.479167% 
# 
# 538 packets sent, 450 packets received, 0 errors
# 
# 
# 539 packets sent, 450 packets received, 0 errors
# 
# Coverage = 99.479167% 
# 
# 539 packets sent, 451 packets received, 0 errors
# 
# 
# 540 packets sent, 451 packets received, 0 errors
# 
# Coverage = 99.479167% 
# 
# 540 packets sent, 452 packets received, 0 errors
# 
# 
# 541 packets sent, 452 packets received, 0 errors
# 
# Coverage = 99.479167% 
# 
# 541 packets sent, 453 packets received, 0 errors
# 
# 
# 542 packets sent, 453 packets received, 0 errors
# 
# Coverage = 99.479167% 
# 
# 542 packets sent, 454 packets received, 0 errors
# 
# 
# 543 packets sent, 454 packets received, 0 errors
# 
# Coverage = 99.479167% 
# 
# 543 packets sent, 455 packets received, 0 errors
# 
# 
# 544 packets sent, 455 packets received, 0 errors
# 
# Coverage = 99.479167% 
# 
# 544 packets sent, 456 packets received, 0 errors
# 
# 
# 545 packets sent, 456 packets received, 0 errors
# 
# Coverage = 99.479167% 
# 
# 545 packets sent, 457 packets received, 0 errors
# 
# 
# 546 packets sent, 457 packets received, 0 errors
# 
# Coverage = 99.479167% 
# 
# 546 packets sent, 458 packets received, 0 errors
# 
# 
# 547 packets sent, 458 packets received, 0 errors
# 
# Coverage = 99.479167% 
# 
# 547 packets sent, 459 packets received, 0 errors
# 
# 
# 548 packets sent, 459 packets received, 0 errors
# 
# Coverage = 99.479167% 
# 
# 548 packets sent, 460 packets received, 0 errors
# 
# 
# 549 packets sent, 460 packets received, 0 errors
# 
# Coverage = 99.479167% 
# 
# 549 packets sent, 461 packets received, 0 errors
# 
# 
# 550 packets sent, 461 packets received, 0 errors
# 
# Coverage = 99.479167% 
# 
# 550 packets sent, 462 packets received, 0 errors
# 
# 
# 551 packets sent, 462 packets received, 0 errors
# 
# Coverage = 99.479167% 
# 
# 551 packets sent, 463 packets received, 0 errors
# 
# 
# 552 packets sent, 463 packets received, 0 errors
# 
# Coverage = 99.479167% 
# 
# 552 packets sent, 464 packets received, 0 errors
# 
# 
# 553 packets sent, 464 packets received, 0 errors
# 
# 
# 554 packets sent, 464 packets received, 0 errors
# 
# Coverage = 99.479167% 
# 
# 554 packets sent, 465 packets received, 0 errors
# 
# Coverage = 99.479167% 
# 
# 554 packets sent, 466 packets received, 0 errors
# 
# 
# 555 packets sent, 466 packets received, 0 errors
# 
# Coverage = 99.479167% 
# 
# 555 packets sent, 467 packets received, 0 errors
# 
# 
# 556 packets sent, 467 packets received, 0 errors
# 
# Coverage = 99.479167% 
# 
# 556 packets sent, 468 packets received, 0 errors
# 
# 
# 557 packets sent, 468 packets received, 0 errors
# 
# Coverage = 99.479167% 
# 
# 557 packets sent, 469 packets received, 0 errors
# 
# 
# 558 packets sent, 469 packets received, 0 errors
# 
# Coverage = 99.479167% 
# 
# 558 packets sent, 470 packets received, 0 errors
# 
# 
# 559 packets sent, 470 packets received, 0 errors
# 
# Coverage = 99.479167% 
# 
# 559 packets sent, 471 packets received, 0 errors
# 
# 
# 560 packets sent, 471 packets received, 0 errors
# 
# Coverage = 100.000000% 
# 
# ********************************
#     Coverage goal met: 100 !!!   
# ********************************
# 
# 560 packets sent, 472 packets received, 0 errors
# 
# ********************************
# ********************************
# 
# Break in Task run2 at ./test_router.sv line 129
# Stopped at ./test_router.sv line 129 
#  quit -f 
